# JRE version: Java(TM) SE Runtime Environment (8.0_20-b26) (build 1.8.0_20-b26)
# Java VM: Java HotSpot(TM) 64-Bit Server VM (25.20-b23 mixed mode bsd-amd64 compressed oops)
Heap:
 PSYoungGen      total 290304K, used 122524K [0x00000007aab00000, 0x00000007c0000000, 0x00000007c0000000)
  eden space 257536K, 42% used [0x00000007aab00000,0x00000007b16be4a0,0x00000007ba680000)
  from space 32768K, 37% used [0x00000007ba680000,0x00000007bb268b78,0x00000007bc680000)
  to   space 49152K, 0% used [0x00000007bd000000,0x00000007bd000000,0x00000007c0000000)
 ParOldGen       total 165376K, used 87189K [0x0000000780000000, 0x000000078a180000, 0x00000007aab00000)
  object space 165376K, 52% used [0x0000000780000000,0x0000000785525428,0x000000078a180000)
 Metaspace       used 6077K, capacity 7152K, committed 7296K, reserved 1056768K
  class space    used 572K, capacity 616K, committed 640K, reserved 1048576K
GC Heap History (10 events):
Event: 5.849 GC heap before
{Heap before GC invocations=6 (full 0):
 PSYoungGen      total 71680K, used 71664K [0x00000007aab00000, 0x00000007b4b00000, 0x00000007c0000000)
  eden space 66560K, 100% used [0x00000007aab00000,0x00000007aec00000,0x00000007aec00000)
  from space 5120K, 99% used [0x00000007aec00000,0x00000007af0fc1a8,0x00000007af100000)
  to   space 15360K, 0% used [0x00000007b3c00000,0x00000007b3c00000,0x00000007b4b00000)
 ParOldGen       total 87552K, used 22808K [0x0000000780000000, 0x0000000785580000, 0x00000007aab00000)
  object space 87552K, 26% used [0x0000000780000000,0x00000007816463d8,0x0000000785580000)
 Metaspace       used 6000K, capacity 7152K, committed 7296K, reserved 1056768K
  class space    used 571K, capacity 616K, committed 640K, reserved 1048576K
Event: 5.892 GC heap after
Heap after GC invocations=6 (full 0):
 PSYoungGen      total 146944K, used 14096K [0x00000007aab00000, 0x00000007b4e00000, 0x00000007c0000000)
  eden space 131584K, 0% used [0x00000007aab00000,0x00000007aab00000,0x00000007b2b80000)
  from space 15360K, 91% used [0x00000007b3c00000,0x00000007b49c43e0,0x00000007b4b00000)
  to   space 16896K, 0% used [0x00000007b2b80000,0x00000007b2b80000,0x00000007b3c00000)
 ParOldGen       total 87552K, used 22808K [0x0000000780000000, 0x0000000785580000, 0x00000007aab00000)
  object space 87552K, 26% used [0x0000000780000000,0x00000007816463d8,0x0000000785580000)
 Metaspace       used 6000K, capacity 7152K, committed 7296K, reserved 1056768K
  class space    used 571K, capacity 616K, committed 640K, reserved 1048576K
}
Event: 8.111 GC heap before
{Heap before GC invocations=7 (full 0):
 PSYoungGen      total 146944K, used 145680K [0x00000007aab00000, 0x00000007b4e00000, 0x00000007c0000000)
  eden space 131584K, 100% used [0x00000007aab00000,0x00000007b2b80000,0x00000007b2b80000)
  from space 15360K, 91% used [0x00000007b3c00000,0x00000007b49c43e0,0x00000007b4b00000)
  to   space 16896K, 0% used [0x00000007b2b80000,0x00000007b2b80000,0x00000007b3c00000)
 ParOldGen       total 87552K, used 22808K [0x0000000780000000, 0x0000000785580000, 0x00000007aab00000)
  object space 87552K, 26% used [0x0000000780000000,0x00000007816463d8,0x0000000785580000)
 Metaspace       used 6049K, capacity 7152K, committed 7296K, reserved 1056768K
  class space    used 571K, capacity 616K, committed 640K, reserved 1048576K
Event: 8.186 GC heap after
Heap after GC invocations=7 (full 0):
 PSYoungGen      total 148480K, used 16885K [0x00000007aab00000, 0x00000007be100000, 0x00000007c0000000)
  eden space 131584K, 0% used [0x00000007aab00000,0x00000007aab00000,0x00000007b2b80000)
  from space 16896K, 99% used [0x00000007b2b80000,0x00000007b3bfd620,0x00000007b3c00000)
  to   space 27136K, 0% used [0x00000007bc680000,0x00000007bc680000,0x00000007be100000)
 ParOldGen       total 87552K, used 38138K [0x0000000780000000, 0x0000000785580000, 0x00000007aab00000)
  object space 87552K, 43% used [0x0000000780000000,0x000000078253eab0,0x0000000785580000)
 Metaspace       used 6049K, capacity 7152K, committed 7296K, reserved 1056768K
  class space    used 571K, capacity 616K, committed 640K, reserved 1048576K
}
Event: 9.750 GC heap before
{Heap before GC invocations=8 (full 0):
 PSYoungGen      total 148480K, used 148469K [0x00000007aab00000, 0x00000007be100000, 0x00000007c0000000)
  eden space 131584K, 100% used [0x00000007aab00000,0x00000007b2b80000,0x00000007b2b80000)
  from space 16896K, 99% used [0x00000007b2b80000,0x00000007b3bfd620,0x00000007b3c00000)
  to   space 27136K, 0% used [0x00000007bc680000,0x00000007bc680000,0x00000007be100000)
 ParOldGen       total 87552K, used 38138K [0x0000000780000000, 0x0000000785580000, 0x00000007aab00000)
  object space 87552K, 43% used [0x0000000780000000,0x000000078253eab0,0x0000000785580000)
 Metaspace       used 6065K, capacity 7152K, committed 7296K, reserved 1056768K
  class space    used 571K, capacity 616K, committed 640K, reserved 1048576K
Event: 9.819 GC heap after
Heap after GC invocations=8 (full 0):
 PSYoungGen      total 284672K, used 27110K [0x00000007aab00000, 0x00000007bec00000, 0x00000007c0000000)
  eden space 257536K, 0% used [0x00000007aab00000,0x00000007aab00000,0x00000007ba680000)
  from space 27136K, 99% used [0x00000007bc680000,0x00000007be0f9898,0x00000007be100000)
  to   space 32768K, 0% used [0x00000007ba680000,0x00000007ba680000,0x00000007bc680000)
 ParOldGen       total 87552K, used 41473K [0x0000000780000000, 0x0000000785580000, 0x00000007aab00000)
  object space 87552K, 47% used [0x0000000780000000,0x0000000782880480,0x0000000785580000)
 Metaspace       used 6065K, capacity 7152K, committed 7296K, reserved 1056768K
  class space    used 571K, capacity 616K, committed 640K, reserved 1048576K
}
Event: 12.873 GC heap before
{Heap before GC invocations=9 (full 0):
 PSYoungGen      total 284672K, used 284646K [0x00000007aab00000, 0x00000007bec00000, 0x00000007c0000000)
  eden space 257536K, 100% used [0x00000007aab00000,0x00000007ba680000,0x00000007ba680000)
  from space 27136K, 99% used [0x00000007bc680000,0x00000007be0f9898,0x00000007be100000)
  to   space 32768K, 0% used [0x00000007ba680000,0x00000007ba680000,0x00000007bc680000)
 ParOldGen       total 87552K, used 41473K [0x0000000780000000, 0x0000000785580000, 0x00000007aab00000)
  object space 87552K, 47% used [0x0000000780000000,0x0000000782880480,0x0000000785580000)
 Metaspace       used 6074K, capacity 7152K, committed 7296K, reserved 1056768K
  class space    used 572K, capacity 616K, committed 640K, reserved 1048576K
Event: 12.992 GC heap after
Heap after GC invocations=9 (full 0):
 PSYoungGen      total 290304K, used 32746K [0x00000007aab00000, 0x00000007c0000000, 0x00000007c0000000)
  eden space 257536K, 0% used [0x00000007aab00000,0x00000007aab00000,0x00000007ba680000)
  from space 32768K, 99% used [0x00000007ba680000,0x00000007bc67a908,0x00000007bc680000)
  to   space 49152K, 0% used [0x00000007bd000000,0x00000007bd000000,0x00000007c0000000)
 ParOldGen       total 87552K, used 69685K [0x0000000780000000, 0x0000000785580000, 0x00000007aab00000)
  object space 87552K, 79% used [0x0000000780000000,0x000000078440d798,0x0000000785580000)
 Metaspace       used 6074K, capacity 7152K, committed 7296K, reserved 1056768K
  class space    used 572K, capacity 616K, committed 640K, reserved 1048576K
}
Event: 12.992 GC heap before
{Heap before GC invocations=10 (full 1):
 PSYoungGen      total 290304K, used 32746K [0x00000007aab00000, 0x00000007c0000000, 0x00000007c0000000)
  eden space 257536K, 0% used [0x00000007aab00000,0x00000007aab00000,0x00000007ba680000)
  from space 32768K, 99% used [0x00000007ba680000,0x00000007bc67a908,0x00000007bc680000)
  to   space 49152K, 0% used [0x00000007bd000000,0x00000007bd000000,0x00000007c0000000)
 ParOldGen       total 87552K, used 69685K [0x0000000780000000, 0x0000000785580000, 0x00000007aab00000)
  object space 87552K, 79% used [0x0000000780000000,0x000000078440d798,0x0000000785580000)
 Metaspace       used 6074K, capacity 7152K, committed 7296K, reserved 1056768K
  class space    used 572K, capacity 616K, committed 640K, reserved 1048576K
Event: 14.014 GC heap after
Heap after GC invocations=10 (full 1):
 PSYoungGen      total 290304K, used 12194K [0x00000007aab00000, 0x00000007c0000000, 0x00000007c0000000)
  eden space 257536K, 0% used [0x00000007aab00000,0x00000007aab00000,0x00000007ba680000)
  from space 32768K, 37% used [0x00000007ba680000,0x00000007bb268b78,0x00000007bc680000)
  to   space 49152K, 0% used [0x00000007bd000000,0x00000007bd000000,0x00000007c0000000)
 ParOldGen       total 165376K, used 87189K [0x0000000780000000, 0x000000078a180000, 0x00000007aab00000)
  object space 165376K, 52% used [0x0000000780000000,0x0000000785525428,0x000000078a180000)
 Metaspace       used 6074K, capacity 7152K, committed 7296K, reserved 1056768K
  class space    used 572K, capacity 616K, committed 640K, reserved 1048576K
}

