# JRE version: Java(TM) SE Runtime Environment (8.0_20-b26) (build 1.8.0_20-b26)
# Java VM: Java HotSpot(TM) 64-Bit Server VM (25.20-b23 mixed mode bsd-amd64 compressed oops)
Heap:
 PSYoungGen      total 105472K, used 5090K [0x00000007aab00000, 0x00000007b7600000, 0x00000007c0000000)
  eden space 100352K, 0% used [0x00000007aab00000,0x00000007aab00000,0x00000007b0d00000)
  from space 5120K, 99% used [0x00000007b2d00000,0x00000007b31f88e0,0x00000007b3200000)
  to   space 53760K, 0% used [0x00000007b4180000,0x00000007b4180000,0x00000007b7600000)
 ParOldGen       total 162816K, used 133876K [0x0000000780000000, 0x0000000789f00000, 0x00000007aab00000)
  object space 162816K, 82% used [0x0000000780000000,0x00000007882bd328,0x0000000789f00000)
 Metaspace       used 5325K, capacity 6608K, committed 6784K, reserved 1056768K
  class space    used 520K, capacity 584K, committed 640K, reserved 1048576K
GC Heap History (10 events):
Event: 2.253 GC heap after
Heap after GC invocations=2 (full 0):
 PSYoungGen      total 71680K, used 5097K [0x00000007aab00000, 0x00000007af600000, 0x00000007c0000000)
  eden space 66560K, 0% used [0x00000007aab00000,0x00000007aab00000,0x00000007aec00000)
  from space 5120K, 99% used [0x00000007af100000,0x00000007af5fa6f0,0x00000007af600000)
  to   space 5120K, 0% used [0x00000007aec00000,0x00000007aec00000,0x00000007af100000)
 ParOldGen       total 87552K, used 27640K [0x0000000780000000, 0x0000000785580000, 0x00000007aab00000)
  object space 87552K, 31% used [0x0000000780000000,0x0000000781afe2c8,0x0000000785580000)
 Metaspace       used 5156K, capacity 6544K, committed 6784K, reserved 1056768K
  class space    used 500K, capacity 584K, committed 640K, reserved 1048576K
}
Event: 3.624 GC heap before
{Heap before GC invocations=3 (full 0):
 PSYoungGen      total 71680K, used 71657K [0x00000007aab00000, 0x00000007af600000, 0x00000007c0000000)
  eden space 66560K, 100% used [0x00000007aab00000,0x00000007aec00000,0x00000007aec00000)
  from space 5120K, 99% used [0x00000007af100000,0x00000007af5fa6f0,0x00000007af600000)
  to   space 5120K, 0% used [0x00000007aec00000,0x00000007aec00000,0x00000007af100000)
 ParOldGen       total 87552K, used 27640K [0x0000000780000000, 0x0000000785580000, 0x00000007aab00000)
  object space 87552K, 31% used [0x0000000780000000,0x0000000781afe2c8,0x0000000785580000)
 Metaspace       used 5221K, capacity 6544K, committed 6784K, reserved 1056768K
  class space    used 500K, capacity 584K, committed 640K, reserved 1048576K
Event: 3.713 GC heap after
Heap after GC invocations=3 (full 0):
 PSYoungGen      total 71680K, used 5105K [0x00000007aab00000, 0x00000007b3700000, 0x00000007c0000000)
  eden space 66560K, 0% used [0x00000007aab00000,0x00000007aab00000,0x00000007aec00000)
  from space 5120K, 99% used [0x00000007aec00000,0x00000007af0fc588,0x00000007af100000)
  to   space 5120K, 0% used [0x00000007b3200000,0x00000007b3200000,0x00000007b3700000)
 ParOldGen       total 87552K, used 62041K [0x0000000780000000, 0x0000000785580000, 0x00000007aab00000)
  object space 87552K, 70% used [0x0000000780000000,0x0000000783c96630,0x0000000785580000)
 Metaspace       used 5221K, capacity 6544K, committed 6784K, reserved 1056768K
  class space    used 500K, capacity 584K, committed 640K, reserved 1048576K
}
Event: 3.713 GC heap before
{Heap before GC invocations=4 (full 1):
 PSYoungGen      total 71680K, used 5105K [0x00000007aab00000, 0x00000007b3700000, 0x00000007c0000000)
  eden space 66560K, 0% used [0x00000007aab00000,0x00000007aab00000,0x00000007aec00000)
  from space 5120K, 99% used [0x00000007aec00000,0x00000007af0fc588,0x00000007af100000)
  to   space 5120K, 0% used [0x00000007b3200000,0x00000007b3200000,0x00000007b3700000)
 ParOldGen       total 87552K, used 62041K [0x0000000780000000, 0x0000000785580000, 0x00000007aab00000)
  object space 87552K, 70% used [0x0000000780000000,0x0000000783c96630,0x0000000785580000)
 Metaspace       used 5221K, capacity 6544K, committed 6784K, reserved 1056768K
  class space    used 500K, capacity 584K, committed 640K, reserved 1048576K
Event: 4.469 GC heap after
Heap after GC invocations=4 (full 1):
 PSYoungGen      total 71680K, used 0K [0x00000007aab00000, 0x00000007b3700000, 0x00000007c0000000)
  eden space 66560K, 0% used [0x00000007aab00000,0x00000007aab00000,0x00000007aec00000)
  from space 5120K, 0% used [0x00000007aec00000,0x00000007aec00000,0x00000007af100000)
  to   space 5120K, 0% used [0x00000007b3200000,0x00000007b3200000,0x00000007b3700000)
 ParOldGen       total 162816K, used 65119K [0x0000000780000000, 0x0000000789f00000, 0x00000007aab00000)
  object space 162816K, 39% used [0x0000000780000000,0x0000000783f97c98,0x0000000789f00000)
 Metaspace       used 5221K, capacity 6544K, committed 6784K, reserved 1056768K
  class space    used 500K, capacity 584K, committed 640K, reserved 1048576K
}
Event: 5.536 GC heap before
{Heap before GC invocations=5 (full 1):
 PSYoungGen      total 71680K, used 66560K [0x00000007aab00000, 0x00000007b3700000, 0x00000007c0000000)
  eden space 66560K, 100% used [0x00000007aab00000,0x00000007aec00000,0x00000007aec00000)
  from space 5120K, 0% used [0x00000007aec00000,0x00000007aec00000,0x00000007af100000)
  to   space 5120K, 0% used [0x00000007b3200000,0x00000007b3200000,0x00000007b3700000)
 ParOldGen       total 162816K, used 65119K [0x0000000780000000, 0x0000000789f00000, 0x00000007aab00000)
  object space 162816K, 39% used [0x0000000780000000,0x0000000783f97c98,0x0000000789f00000)
 Metaspace       used 5320K, capacity 6544K, committed 6784K, reserved 1056768K
  class space    used 520K, capacity 584K, committed 640K, reserved 1048576K
Event: 5.613 GC heap after
Heap after GC invocations=5 (full 1):
 PSYoungGen      total 85504K, used 5097K [0x00000007aab00000, 0x00000007b3700000, 0x00000007c0000000)
  eden space 80384K, 0% used [0x00000007aab00000,0x00000007aab00000,0x00000007af980000)
  from space 5120K, 99% used [0x00000007b3200000,0x00000007b36fa628,0x00000007b3700000)
  to   space 5120K, 0% used [0x00000007b2d00000,0x00000007b2d00000,0x00000007b3200000)
 ParOldGen       total 162816K, used 94817K [0x0000000780000000, 0x0000000789f00000, 0x00000007aab00000)
  object space 162816K, 58% used [0x0000000780000000,0x0000000785c98720,0x0000000789f00000)
 Metaspace       used 5320K, capacity 6544K, committed 6784K, reserved 1056768K
  class space    used 520K, capacity 584K, committed 640K, reserved 1048576K
}
Event: 7.578 GC heap before
{Heap before GC invocations=6 (full 1):
 PSYoungGen      total 85504K, used 85481K [0x00000007aab00000, 0x00000007b3700000, 0x00000007c0000000)
  eden space 80384K, 100% used [0x00000007aab00000,0x00000007af980000,0x00000007af980000)
  from space 5120K, 99% used [0x00000007b3200000,0x00000007b36fa628,0x00000007b3700000)
  to   space 5120K, 0% used [0x00000007b2d00000,0x00000007b2d00000,0x00000007b3200000)
 ParOldGen       total 162816K, used 94817K [0x0000000780000000, 0x0000000789f00000, 0x00000007aab00000)
  object space 162816K, 58% used [0x0000000780000000,0x0000000785c98720,0x0000000789f00000)
 Metaspace       used 5325K, capacity 6608K, committed 6784K, reserved 1056768K
  class space    used 520K, capacity 584K, committed 640K, reserved 1048576K
Event: 7.767 GC heap after
Heap after GC invocations=6 (full 1):
 PSYoungGen      total 105472K, used 5090K [0x00000007aab00000, 0x00000007b7600000, 0x00000007c0000000)
  eden space 100352K, 0% used [0x00000007aab00000,0x00000007aab00000,0x00000007b0d00000)
  from space 5120K, 99% used [0x00000007b2d00000,0x00000007b31f88e0,0x00000007b3200000)
  to   space 53760K, 0% used [0x00000007b4180000,0x00000007b4180000,0x00000007b7600000)
 ParOldGen       total 162816K, used 133876K [0x0000000780000000, 0x0000000789f00000, 0x00000007aab00000)
  object space 162816K, 82% used [0x0000000780000000,0x00000007882bd328,0x0000000789f00000)
 Metaspace       used 5325K, capacity 6608K, committed 6784K, reserved 1056768K
  class space    used 520K, capacity 584K, committed 640K, reserved 1048576K
}
Event: 7.767 GC heap before
{Heap before GC invocations=7 (full 2):
 PSYoungGen      total 105472K, used 5090K [0x00000007aab00000, 0x00000007b7600000, 0x00000007c0000000)
  eden space 100352K, 0% used [0x00000007aab00000,0x00000007aab00000,0x00000007b0d00000)
  from space 5120K, 99% used [0x00000007b2d00000,0x00000007b31f88e0,0x00000007b3200000)
  to   space 53760K, 0% used [0x00000007b4180000,0x00000007b4180000,0x00000007b7600000)
 ParOldGen       total 162816K, used 133876K [0x0000000780000000, 0x0000000789f00000, 0x00000007aab00000)
  object space 162816K, 82% used [0x0000000780000000,0x00000007882bd328,0x0000000789f00000)
 Metaspace       used 5325K, capacity 6608K, committed 6784K, reserved 1056768K
  class space    used 520K, capacity 584K, committed 640K, reserved 1048576K

