# JRE version: Java(TM) SE Runtime Environment (8.0_20-b26) (build 1.8.0_20-b26)
# Java VM: Java HotSpot(TM) 64-Bit Server VM (25.20-b23 mixed mode bsd-amd64 compressed oops)
Heap:
 PSYoungGen      total 214528K, used 124707K [0x000000013cd00000, 0x0000000152200000, 0x0000000152200000)
  eden space 115200K, 22% used [0x000000013cd00000,0x000000013e5ccff8,0x0000000143d80000)
  from space 99328K, 99% used [0x000000014af00000,0x0000000150ffbc30,0x0000000151000000)
  to   space 116224K, 0% used [0x0000000143d80000,0x0000000143d80000,0x000000014af00000)
 ParOldGen       total 292352K, used 200439K [0x0000000112200000, 0x0000000123f80000, 0x000000013cd00000)
  object space 292352K, 68% used [0x0000000112200000,0x000000011e5bdfd8,0x0000000123f80000)
 Metaspace       used 5843K, capacity 6928K, committed 7040K, reserved 1056768K
  class space    used 547K, capacity 584K, committed 640K, reserved 1048576K
GC Heap History (10 events):
Event: 5.070 GC heap before
{Heap before GC invocations=6 (full 1):
 PSYoungGen      total 91136K, used 91117K [0x000000013cd00000, 0x0000000145900000, 0x0000000152200000)
  eden space 86016K, 100% used [0x000000013cd00000,0x0000000142100000,0x0000000142100000)
  from space 5120K, 99% used [0x0000000145400000,0x00000001458fb6e0,0x0000000145900000)
  to   space 5120K, 0% used [0x0000000144f00000,0x0000000144f00000,0x0000000145400000)
 ParOldGen       total 158720K, used 94127K [0x0000000112200000, 0x000000011bd00000, 0x000000013cd00000)
  object space 158720K, 59% used [0x0000000112200000,0x0000000117debef0,0x000000011bd00000)
 Metaspace       used 5330K, capacity 6608K, committed 6784K, reserved 1056768K
  class space    used 520K, capacity 584K, committed 640K, reserved 1048576K
Event: 5.213 GC heap after
Heap after GC invocations=6 (full 1):
 PSYoungGen      total 121856K, used 5096K [0x000000013cd00000, 0x000000014ac00000, 0x0000000152200000)
  eden space 116736K, 0% used [0x000000013cd00000,0x000000013cd00000,0x0000000143f00000)
  from space 5120K, 99% used [0x0000000144f00000,0x00000001453fa3f0,0x0000000145400000)
  to   space 55808K, 0% used [0x0000000147580000,0x0000000147580000,0x000000014ac00000)
 ParOldGen       total 158720K, used 136944K [0x0000000112200000, 0x000000011bd00000, 0x000000013cd00000)
  object space 158720K, 86% used [0x0000000112200000,0x000000011a7bc2e0,0x000000011bd00000)
 Metaspace       used 5330K, capacity 6608K, committed 6784K, reserved 1056768K
  class space    used 520K, capacity 584K, committed 640K, reserved 1048576K
}
Event: 5.213 GC heap before
{Heap before GC invocations=7 (full 2):
 PSYoungGen      total 121856K, used 5096K [0x000000013cd00000, 0x000000014ac00000, 0x0000000152200000)
  eden space 116736K, 0% used [0x000000013cd00000,0x000000013cd00000,0x0000000143f00000)
  from space 5120K, 99% used [0x0000000144f00000,0x00000001453fa3f0,0x0000000145400000)
  to   space 55808K, 0% used [0x0000000147580000,0x0000000147580000,0x000000014ac00000)
 ParOldGen       total 158720K, used 136944K [0x0000000112200000, 0x000000011bd00000, 0x000000013cd00000)
  object space 158720K, 86% used [0x0000000112200000,0x000000011a7bc2e0,0x000000011bd00000)
 Metaspace       used 5330K, capacity 6608K, committed 6784K, reserved 1056768K
  class space    used 520K, capacity 584K, committed 640K, reserved 1048576K
Event: 6.610 GC heap after
Heap after GC invocations=7 (full 2):
 PSYoungGen      total 121856K, used 0K [0x000000013cd00000, 0x000000014ac00000, 0x0000000152200000)
  eden space 116736K, 0% used [0x000000013cd00000,0x000000013cd00000,0x0000000143f00000)
  from space 5120K, 0% used [0x0000000144f00000,0x0000000144f00000,0x0000000145400000)
  to   space 55808K, 0% used [0x0000000147580000,0x0000000147580000,0x000000014ac00000)
 ParOldGen       total 292352K, used 140547K [0x0000000112200000, 0x0000000123f80000, 0x000000013cd00000)
  object space 292352K, 48% used [0x0000000112200000,0x000000011ab40e40,0x0000000123f80000)
 Metaspace       used 5330K, capacity 6608K, committed 6784K, reserved 1056768K
  class space    used 520K, capacity 584K, committed 640K, reserved 1048576K
}
Event: 7.657 GC heap before
{Heap before GC invocations=8 (full 2):
 PSYoungGen      total 121856K, used 116736K [0x000000013cd00000, 0x000000014ac00000, 0x0000000152200000)
  eden space 116736K, 100% used [0x000000013cd00000,0x0000000143f00000,0x0000000143f00000)
  from space 5120K, 0% used [0x0000000144f00000,0x0000000144f00000,0x0000000145400000)
  to   space 55808K, 0% used [0x0000000147580000,0x0000000147580000,0x000000014ac00000)
 ParOldGen       total 292352K, used 140547K [0x0000000112200000, 0x0000000123f80000, 0x000000013cd00000)
  object space 292352K, 48% used [0x0000000112200000,0x000000011ab40e40,0x0000000123f80000)
 Metaspace       used 5380K, capacity 6608K, committed 6784K, reserved 1056768K
  class space    used 521K, capacity 584K, committed 640K, reserved 1048576K
Event: 7.769 GC heap after
Heap after GC invocations=8 (full 2):
 PSYoungGen      total 160768K, used 55789K [0x000000013cd00000, 0x000000014db00000, 0x0000000152200000)
  eden space 104960K, 0% used [0x000000013cd00000,0x000000013cd00000,0x0000000143380000)
  from space 55808K, 99% used [0x0000000147580000,0x000000014abfb528,0x000000014ac00000)
  to   space 67584K, 0% used [0x0000000143380000,0x0000000143380000,0x0000000147580000)
 ParOldGen       total 292352K, used 143625K [0x0000000112200000, 0x0000000123f80000, 0x000000013cd00000)
  object space 292352K, 49% used [0x0000000112200000,0x000000011ae42718,0x0000000123f80000)
 Metaspace       used 5380K, capacity 6608K, committed 6784K, reserved 1056768K
  class space    used 521K, capacity 584K, committed 640K, reserved 1048576K
}
Event: 8.838 GC heap before
{Heap before GC invocations=9 (full 2):
 PSYoungGen      total 160768K, used 160749K [0x000000013cd00000, 0x000000014db00000, 0x0000000152200000)
  eden space 104960K, 100% used [0x000000013cd00000,0x0000000143380000,0x0000000143380000)
  from space 55808K, 99% used [0x0000000147580000,0x000000014abfb528,0x000000014ac00000)
  to   space 67584K, 0% used [0x0000000143380000,0x0000000143380000,0x0000000147580000)
 ParOldGen       total 292352K, used 143625K [0x0000000112200000, 0x0000000123f80000, 0x000000013cd00000)
  object space 292352K, 49% used [0x0000000112200000,0x000000011ae42718,0x0000000123f80000)
 Metaspace       used 5440K, capacity 6608K, committed 6784K, reserved 1056768K
  class space    used 525K, capacity 584K, committed 640K, reserved 1048576K
Event: 9.084 GC heap after
Heap after GC invocations=9 (full 2):
 PSYoungGen      total 172544K, used 67579K [0x000000013cd00000, 0x0000000151000000, 0x0000000152200000)
  eden space 104960K, 0% used [0x000000013cd00000,0x000000013cd00000,0x0000000143380000)
  from space 67584K, 99% used [0x0000000143380000,0x000000014757ed30,0x0000000147580000)
  to   space 99328K, 0% used [0x000000014af00000,0x000000014af00000,0x0000000151000000)
 ParOldGen       total 292352K, used 184668K [0x0000000112200000, 0x0000000123f80000, 0x000000013cd00000)
  object space 292352K, 63% used [0x0000000112200000,0x000000011d6570b8,0x0000000123f80000)
 Metaspace       used 5440K, capacity 6608K, committed 6784K, reserved 1056768K
  class space    used 525K, capacity 584K, committed 640K, reserved 1048576K
}
Event: 10.728 GC heap before
{Heap before GC invocations=10 (full 2):
 PSYoungGen      total 172544K, used 172539K [0x000000013cd00000, 0x0000000151000000, 0x0000000152200000)
  eden space 104960K, 100% used [0x000000013cd00000,0x0000000143380000,0x0000000143380000)
  from space 67584K, 99% used [0x0000000143380000,0x000000014757ed30,0x0000000147580000)
  to   space 99328K, 0% used [0x000000014af00000,0x000000014af00000,0x0000000151000000)
 ParOldGen       total 292352K, used 184668K [0x0000000112200000, 0x0000000123f80000, 0x000000013cd00000)
  object space 292352K, 63% used [0x0000000112200000,0x000000011d6570b8,0x0000000123f80000)
 Metaspace       used 5588K, capacity 6672K, committed 6784K, reserved 1056768K
  class space    used 534K, capacity 584K, committed 640K, reserved 1048576K
Event: 11.096 GC heap after
Heap after GC invocations=10 (full 2):
 PSYoungGen      total 214528K, used 99311K [0x000000013cd00000, 0x0000000152200000, 0x0000000152200000)
  eden space 115200K, 0% used [0x000000013cd00000,0x000000013cd00000,0x0000000143d80000)
  from space 99328K, 99% used [0x000000014af00000,0x0000000150ffbc30,0x0000000151000000)
  to   space 116224K, 0% used [0x0000000143d80000,0x0000000143d80000,0x000000014af00000)
 ParOldGen       total 292352K, used 200439K [0x0000000112200000, 0x0000000123f80000, 0x000000013cd00000)
  object space 292352K, 68% used [0x0000000112200000,0x000000011e5bdfd8,0x0000000123f80000)
 Metaspace       used 5588K, capacity 6672K, committed 6784K, reserved 1056768K
  class space    used 534K, capacity 584K, committed 640K, reserved 1048576K
}

