# JRE version: Java(TM) SE Runtime Environment (8.0_20-b26) (build 1.8.0_20-b26)
# Java VM: Java HotSpot(TM) 64-Bit Server VM (25.20-b23 mixed mode bsd-amd64 compressed oops)
Heap:
 PSYoungGen      total 290304K, used 32759K [0x00000007aab00000, 0x00000007c0000000, 0x00000007c0000000)
  eden space 257536K, 0% used [0x00000007aab00000,0x00000007aab00000,0x00000007ba680000)
  from space 32768K, 99% used [0x00000007ba680000,0x00000007bc67dc18,0x00000007bc680000)
  to   space 49152K, 0% used [0x00000007bd000000,0x00000007bd000000,0x00000007c0000000)
 ParOldGen       total 87552K, used 69672K [0x0000000780000000, 0x0000000785580000, 0x00000007aab00000)
  object space 87552K, 79% used [0x0000000780000000,0x000000078440a3d8,0x0000000785580000)
 Metaspace       used 6087K, capacity 7152K, committed 7296K, reserved 1056768K
  class space    used 572K, capacity 616K, committed 640K, reserved 1048576K
GC Heap History (10 events):
Event: 2.869 GC heap after
Heap after GC invocations=5 (full 0):
 PSYoungGen      total 71680K, used 5113K [0x00000007aab00000, 0x00000007b4b00000, 0x00000007c0000000)
  eden space 66560K, 0% used [0x00000007aab00000,0x00000007aab00000,0x00000007aec00000)
  from space 5120K, 99% used [0x00000007aec00000,0x00000007af0fe600,0x00000007af100000)
  to   space 15360K, 0% used [0x00000007b3c00000,0x00000007b3c00000,0x00000007b4b00000)
 ParOldGen       total 87552K, used 22844K [0x0000000780000000, 0x0000000785580000, 0x00000007aab00000)
  object space 87552K, 26% used [0x0000000780000000,0x000000078164f038,0x0000000785580000)
 Metaspace       used 5990K, capacity 7088K, committed 7296K, reserved 1056768K
  class space    used 571K, capacity 616K, committed 640K, reserved 1048576K
}
Event: 3.385 GC heap before
{Heap before GC invocations=6 (full 0):
 PSYoungGen      total 71680K, used 71673K [0x00000007aab00000, 0x00000007b4b00000, 0x00000007c0000000)
  eden space 66560K, 100% used [0x00000007aab00000,0x00000007aec00000,0x00000007aec00000)
  from space 5120K, 99% used [0x00000007aec00000,0x00000007af0fe600,0x00000007af100000)
  to   space 15360K, 0% used [0x00000007b3c00000,0x00000007b3c00000,0x00000007b4b00000)
 ParOldGen       total 87552K, used 22844K [0x0000000780000000, 0x0000000785580000, 0x00000007aab00000)
  object space 87552K, 26% used [0x0000000780000000,0x000000078164f038,0x0000000785580000)
 Metaspace       used 6012K, capacity 7152K, committed 7296K, reserved 1056768K
  class space    used 571K, capacity 616K, committed 640K, reserved 1048576K
Event: 3.417 GC heap after
Heap after GC invocations=6 (full 0):
 PSYoungGen      total 146944K, used 14169K [0x00000007aab00000, 0x00000007b4e00000, 0x00000007c0000000)
  eden space 131584K, 0% used [0x00000007aab00000,0x00000007aab00000,0x00000007b2b80000)
  from space 15360K, 92% used [0x00000007b3c00000,0x00000007b49d6790,0x00000007b4b00000)
  to   space 16896K, 0% used [0x00000007b2b80000,0x00000007b2b80000,0x00000007b3c00000)
 ParOldGen       total 87552K, used 22844K [0x0000000780000000, 0x0000000785580000, 0x00000007aab00000)
  object space 87552K, 26% used [0x0000000780000000,0x000000078164f038,0x0000000785580000)
 Metaspace       used 6012K, capacity 7152K, committed 7296K, reserved 1056768K
  class space    used 571K, capacity 616K, committed 640K, reserved 1048576K
}
Event: 4.515 GC heap before
{Heap before GC invocations=7 (full 0):
 PSYoungGen      total 146944K, used 145753K [0x00000007aab00000, 0x00000007b4e00000, 0x00000007c0000000)
  eden space 131584K, 100% used [0x00000007aab00000,0x00000007b2b80000,0x00000007b2b80000)
  from space 15360K, 92% used [0x00000007b3c00000,0x00000007b49d6790,0x00000007b4b00000)
  to   space 16896K, 0% used [0x00000007b2b80000,0x00000007b2b80000,0x00000007b3c00000)
 ParOldGen       total 87552K, used 22844K [0x0000000780000000, 0x0000000785580000, 0x00000007aab00000)
  object space 87552K, 26% used [0x0000000780000000,0x000000078164f038,0x0000000785580000)
 Metaspace       used 6064K, capacity 7152K, committed 7296K, reserved 1056768K
  class space    used 571K, capacity 616K, committed 640K, reserved 1048576K
Event: 4.613 GC heap after
Heap after GC invocations=7 (full 0):
 PSYoungGen      total 148480K, used 16894K [0x00000007aab00000, 0x00000007be100000, 0x00000007c0000000)
  eden space 131584K, 0% used [0x00000007aab00000,0x00000007aab00000,0x00000007b2b80000)
  from space 16896K, 99% used [0x00000007b2b80000,0x00000007b3bff878,0x00000007b3c00000)
  to   space 27136K, 0% used [0x00000007bc680000,0x00000007bc680000,0x00000007be100000)
 ParOldGen       total 87552K, used 38214K [0x0000000780000000, 0x0000000785580000, 0x00000007aab00000)
  object space 87552K, 43% used [0x0000000780000000,0x0000000782551888,0x0000000785580000)
 Metaspace       used 6064K, capacity 7152K, committed 7296K, reserved 1056768K
  class space    used 571K, capacity 616K, committed 640K, reserved 1048576K
}
Event: 5.471 GC heap before
{Heap before GC invocations=8 (full 0):
 PSYoungGen      total 148480K, used 148478K [0x00000007aab00000, 0x00000007be100000, 0x00000007c0000000)
  eden space 131584K, 100% used [0x00000007aab00000,0x00000007b2b80000,0x00000007b2b80000)
  from space 16896K, 99% used [0x00000007b2b80000,0x00000007b3bff878,0x00000007b3c00000)
  to   space 27136K, 0% used [0x00000007bc680000,0x00000007bc680000,0x00000007be100000)
 ParOldGen       total 87552K, used 38214K [0x0000000780000000, 0x0000000785580000, 0x00000007aab00000)
  object space 87552K, 43% used [0x0000000780000000,0x0000000782551888,0x0000000785580000)
 Metaspace       used 6078K, capacity 7152K, committed 7296K, reserved 1056768K
  class space    used 571K, capacity 616K, committed 640K, reserved 1048576K
Event: 5.556 GC heap after
Heap after GC invocations=8 (full 0):
 PSYoungGen      total 284672K, used 27115K [0x00000007aab00000, 0x00000007bec00000, 0x00000007c0000000)
  eden space 257536K, 0% used [0x00000007aab00000,0x00000007aab00000,0x00000007ba680000)
  from space 27136K, 99% used [0x00000007bc680000,0x00000007be0fac10,0x00000007be100000)
  to   space 32768K, 0% used [0x00000007ba680000,0x00000007ba680000,0x00000007bc680000)
 ParOldGen       total 87552K, used 41323K [0x0000000780000000, 0x0000000785580000, 0x00000007aab00000)
  object space 87552K, 47% used [0x0000000780000000,0x000000078285acb0,0x0000000785580000)
 Metaspace       used 6078K, capacity 7152K, committed 7296K, reserved 1056768K
  class space    used 571K, capacity 616K, committed 640K, reserved 1048576K
}
Event: 7.971 GC heap before
{Heap before GC invocations=9 (full 0):
 PSYoungGen      total 284672K, used 284651K [0x00000007aab00000, 0x00000007bec00000, 0x00000007c0000000)
  eden space 257536K, 100% used [0x00000007aab00000,0x00000007ba680000,0x00000007ba680000)
  from space 27136K, 99% used [0x00000007bc680000,0x00000007be0fac10,0x00000007be100000)
  to   space 32768K, 0% used [0x00000007ba680000,0x00000007ba680000,0x00000007bc680000)
 ParOldGen       total 87552K, used 41323K [0x0000000780000000, 0x0000000785580000, 0x00000007aab00000)
  object space 87552K, 47% used [0x0000000780000000,0x000000078285acb0,0x0000000785580000)
 Metaspace       used 6087K, capacity 7152K, committed 7296K, reserved 1056768K
  class space    used 572K, capacity 616K, committed 640K, reserved 1048576K
Event: 8.096 GC heap after
Heap after GC invocations=9 (full 0):
 PSYoungGen      total 290304K, used 32759K [0x00000007aab00000, 0x00000007c0000000, 0x00000007c0000000)
  eden space 257536K, 0% used [0x00000007aab00000,0x00000007aab00000,0x00000007ba680000)
  from space 32768K, 99% used [0x00000007ba680000,0x00000007bc67dc18,0x00000007bc680000)
  to   space 49152K, 0% used [0x00000007bd000000,0x00000007bd000000,0x00000007c0000000)
 ParOldGen       total 87552K, used 69672K [0x0000000780000000, 0x0000000785580000, 0x00000007aab00000)
  object space 87552K, 79% used [0x0000000780000000,0x000000078440a3d8,0x0000000785580000)
 Metaspace       used 6087K, capacity 7152K, committed 7296K, reserved 1056768K
  class space    used 572K, capacity 616K, committed 640K, reserved 1048576K
}
Event: 8.096 GC heap before
{Heap before GC invocations=10 (full 1):
 PSYoungGen      total 290304K, used 32759K [0x00000007aab00000, 0x00000007c0000000, 0x00000007c0000000)
  eden space 257536K, 0% used [0x00000007aab00000,0x00000007aab00000,0x00000007ba680000)
  from space 32768K, 99% used [0x00000007ba680000,0x00000007bc67dc18,0x00000007bc680000)
  to   space 49152K, 0% used [0x00000007bd000000,0x00000007bd000000,0x00000007c0000000)
 ParOldGen       total 87552K, used 69672K [0x0000000780000000, 0x0000000785580000, 0x00000007aab00000)
  object space 87552K, 79% used [0x0000000780000000,0x000000078440a3d8,0x0000000785580000)
 Metaspace       used 6087K, capacity 7152K, committed 7296K, reserved 1056768K
  class space    used 572K, capacity 616K, committed 640K, reserved 1048576K

