# JRE version: Java(TM) SE Runtime Environment (8.0_20-b26) (build 1.8.0_20-b26)
# Java VM: Java HotSpot(TM) 64-Bit Server VM (25.20-b23 mixed mode bsd-amd64 compressed oops)
Heap:
 PSYoungGen      total 217600K, used 55806K [0x000000013cf00000, 0x0000000152400000, 0x0000000152400000)
  eden space 161792K, 0% used [0x000000013cf00000,0x000000013cf00000,0x0000000146d00000)
  from space 55808K, 99% used [0x000000014ed80000,0x00000001523ffb80,0x0000000152400000)
  to   space 93696K, 0% used [0x0000000146d00000,0x0000000146d00000,0x000000014c880000)
 ParOldGen       total 166400K, used 154259K [0x0000000112400000, 0x000000011c680000, 0x000000013cf00000)
  object space 166400K, 92% used [0x0000000112400000,0x000000011baa4e48,0x000000011c680000)
 Metaspace       used 6193K, capacity 7216K, committed 7296K, reserved 1056768K
  class space    used 577K, capacity 616K, committed 640K, reserved 1048576K
GC Heap History (10 events):
Event: 14.216 GC heap after
Heap after GC invocations=9 (full 0):
 PSYoungGen      total 290304K, used 32767K [0x000000013cf00000, 0x0000000152400000, 0x0000000152400000)
  eden space 257536K, 0% used [0x000000013cf00000,0x000000013cf00000,0x000000014ca80000)
  from space 32768K, 99% used [0x000000014ca80000,0x000000014ea7fc50,0x000000014ea80000)
  to   space 49664K, 0% used [0x000000014f380000,0x000000014f380000,0x0000000152400000)
 ParOldGen       total 87552K, used 70258K [0x0000000112400000, 0x0000000117980000, 0x000000013cf00000)
  object space 87552K, 80% used [0x0000000112400000,0x000000011689cb68,0x0000000117980000)
 Metaspace       used 6082K, capacity 7152K, committed 7296K, reserved 1056768K
  class space    used 572K, capacity 616K, committed 640K, reserved 1048576K
}
Event: 14.216 GC heap before
{Heap before GC invocations=10 (full 1):
 PSYoungGen      total 290304K, used 32767K [0x000000013cf00000, 0x0000000152400000, 0x0000000152400000)
  eden space 257536K, 0% used [0x000000013cf00000,0x000000013cf00000,0x000000014ca80000)
  from space 32768K, 99% used [0x000000014ca80000,0x000000014ea7fc50,0x000000014ea80000)
  to   space 49664K, 0% used [0x000000014f380000,0x000000014f380000,0x0000000152400000)
 ParOldGen       total 87552K, used 70258K [0x0000000112400000, 0x0000000117980000, 0x000000013cf00000)
  object space 87552K, 80% used [0x0000000112400000,0x000000011689cb68,0x0000000117980000)
 Metaspace       used 6082K, capacity 7152K, committed 7296K, reserved 1056768K
  class space    used 572K, capacity 616K, committed 640K, reserved 1048576K
Event: 15.629 GC heap after
Heap after GC invocations=10 (full 1):
 PSYoungGen      total 290304K, used 12773K [0x000000013cf00000, 0x0000000152400000, 0x0000000152400000)
  eden space 257536K, 0% used [0x000000013cf00000,0x000000013cf00000,0x000000014ca80000)
  from space 32768K, 38% used [0x000000014ca80000,0x000000014d6f96f8,0x000000014ea80000)
  to   space 49664K, 0% used [0x000000014f380000,0x000000014f380000,0x0000000152400000)
 ParOldGen       total 166400K, used 87242K [0x0000000112400000, 0x000000011c680000, 0x000000013cf00000)
  object space 166400K, 52% used [0x0000000112400000,0x00000001179328c8,0x000000011c680000)
 Metaspace       used 6082K, capacity 7152K, committed 7296K, reserved 1056768K
  class space    used 572K, capacity 616K, committed 640K, reserved 1048576K
}
Event: 18.423 GC heap before
{Heap before GC invocations=11 (full 1):
 PSYoungGen      total 290304K, used 270309K [0x000000013cf00000, 0x0000000152400000, 0x0000000152400000)
  eden space 257536K, 100% used [0x000000013cf00000,0x000000014ca80000,0x000000014ca80000)
  from space 32768K, 38% used [0x000000014ca80000,0x000000014d6f96f8,0x000000014ea80000)
  to   space 49664K, 0% used [0x000000014f380000,0x000000014f380000,0x0000000152400000)
 ParOldGen       total 166400K, used 87242K [0x0000000112400000, 0x000000011c680000, 0x000000013cf00000)
  object space 166400K, 52% used [0x0000000112400000,0x00000001179328c8,0x000000011c680000)
 Metaspace       used 6087K, capacity 7216K, committed 7296K, reserved 1056768K
  class space    used 572K, capacity 616K, committed 640K, reserved 1048576K
Event: 18.544 GC heap after
Heap after GC invocations=11 (full 1):
 PSYoungGen      total 287232K, used 45181K [0x000000013cf00000, 0x0000000152400000, 0x0000000152400000)
  eden space 237568K, 0% used [0x000000013cf00000,0x000000013cf00000,0x000000014b700000)
  from space 49664K, 90% used [0x000000014f380000,0x0000000151f9f688,0x0000000152400000)
  to   space 55808K, 0% used [0x000000014b700000,0x000000014b700000,0x000000014ed80000)
 ParOldGen       total 166400K, used 90803K [0x0000000112400000, 0x000000011c680000, 0x000000013cf00000)
  object space 166400K, 54% used [0x0000000112400000,0x0000000117cacfc8,0x000000011c680000)
 Metaspace       used 6087K, capacity 7216K, committed 7296K, reserved 1056768K
  class space    used 572K, capacity 616K, committed 640K, reserved 1048576K
}
Event: 20.925 GC heap before
{Heap before GC invocations=12 (full 1):
 PSYoungGen      total 287232K, used 282749K [0x000000013cf00000, 0x0000000152400000, 0x0000000152400000)
  eden space 237568K, 100% used [0x000000013cf00000,0x000000014b700000,0x000000014b700000)
  from space 49664K, 90% used [0x000000014f380000,0x0000000151f9f688,0x0000000152400000)
  to   space 55808K, 0% used [0x000000014b700000,0x000000014b700000,0x000000014ed80000)
 ParOldGen       total 166400K, used 90803K [0x0000000112400000, 0x000000011c680000, 0x000000013cf00000)
  object space 166400K, 54% used [0x0000000112400000,0x0000000117cacfc8,0x000000011c680000)
 Metaspace       used 6132K, capacity 7216K, committed 7296K, reserved 1056768K
  class space    used 573K, capacity 616K, committed 640K, reserved 1048576K
Event: 21.054 GC heap after
Heap after GC invocations=12 (full 1):
 PSYoungGen      total 293376K, used 55779K [0x000000013cf00000, 0x0000000152400000, 0x0000000152400000)
  eden space 237568K, 0% used [0x000000013cf00000,0x000000013cf00000,0x000000014b700000)
  from space 55808K, 99% used [0x000000014b700000,0x000000014ed78fe0,0x000000014ed80000)
  to   space 55808K, 0% used [0x000000014ed80000,0x000000014ed80000,0x0000000152400000)
 ParOldGen       total 166400K, used 117310K [0x0000000112400000, 0x000000011c680000, 0x000000013cf00000)
  object space 166400K, 70% used [0x0000000112400000,0x000000011968f880,0x000000011c680000)
 Metaspace       used 6132K, capacity 7216K, committed 7296K, reserved 1056768K
  class space    used 573K, capacity 616K, committed 640K, reserved 1048576K
}
Event: 23.194 GC heap before
{Heap before GC invocations=13 (full 1):
 PSYoungGen      total 293376K, used 293347K [0x000000013cf00000, 0x0000000152400000, 0x0000000152400000)
  eden space 237568K, 100% used [0x000000013cf00000,0x000000014b700000,0x000000014b700000)
  from space 55808K, 99% used [0x000000014b700000,0x000000014ed78fe0,0x000000014ed80000)
  to   space 55808K, 0% used [0x000000014ed80000,0x000000014ed80000,0x0000000152400000)
 ParOldGen       total 166400K, used 117310K [0x0000000112400000, 0x000000011c680000, 0x000000013cf00000)
  object space 166400K, 70% used [0x0000000112400000,0x000000011968f880,0x000000011c680000)
 Metaspace       used 6193K, capacity 7216K, committed 7296K, reserved 1056768K
  class space    used 577K, capacity 616K, committed 640K, reserved 1048576K
Event: 23.347 GC heap after
Heap after GC invocations=13 (full 1):
 PSYoungGen      total 217600K, used 55806K [0x000000013cf00000, 0x0000000152400000, 0x0000000152400000)
  eden space 161792K, 0% used [0x000000013cf00000,0x000000013cf00000,0x0000000146d00000)
  from space 55808K, 99% used [0x000000014ed80000,0x00000001523ffb80,0x0000000152400000)
  to   space 93696K, 0% used [0x0000000146d00000,0x0000000146d00000,0x000000014c880000)
 ParOldGen       total 166400K, used 154259K [0x0000000112400000, 0x000000011c680000, 0x000000013cf00000)
  object space 166400K, 92% used [0x0000000112400000,0x000000011baa4e48,0x000000011c680000)
 Metaspace       used 6193K, capacity 7216K, committed 7296K, reserved 1056768K
  class space    used 577K, capacity 616K, committed 640K, reserved 1048576K
}
Event: 23.347 GC heap before
{Heap before GC invocations=14 (full 2):
 PSYoungGen      total 217600K, used 55806K [0x000000013cf00000, 0x0000000152400000, 0x0000000152400000)
  eden space 161792K, 0% used [0x000000013cf00000,0x000000013cf00000,0x0000000146d00000)
  from space 55808K, 99% used [0x000000014ed80000,0x00000001523ffb80,0x0000000152400000)
  to   space 93696K, 0% used [0x0000000146d00000,0x0000000146d00000,0x000000014c880000)
 ParOldGen       total 166400K, used 154259K [0x0000000112400000, 0x000000011c680000, 0x000000013cf00000)
  object space 166400K, 92% used [0x0000000112400000,0x000000011baa4e48,0x000000011c680000)
 Metaspace       used 6193K, capacity 7216K, committed 7296K, reserved 1056768K
  class space    used 577K, capacity 616K, committed 640K, reserved 1048576K

