# JRE version: Java(TM) SE Runtime Environment (8.0_20-b26) (build 1.8.0_20-b26)
# Java VM: Java HotSpot(TM) 64-Bit Server VM (25.20-b23 mixed mode bsd-amd64 compressed oops)
Heap:
 PSYoungGen      total 233984K, used 193951K [0x00000007aab00000, 0x00000007c0000000, 0x00000007c0000000)
  eden space 148480K, 73% used [0x00000007aab00000,0x00000007b14efb08,0x00000007b3c00000)
  from space 85504K, 99% used [0x00000007bac80000,0x00000007bfff8178,0x00000007c0000000)
  to   space 100352K, 0% used [0x00000007b3c00000,0x00000007b3c00000,0x00000007b9e00000)
 ParOldGen       total 291328K, used 176048K [0x0000000780000000, 0x0000000791c80000, 0x00000007aab00000)
  object space 291328K, 60% used [0x0000000780000000,0x000000078abec060,0x0000000791c80000)
 Metaspace       used 7059K, capacity 7736K, committed 7936K, reserved 1056768K
  class space    used 636K, capacity 688K, committed 768K, reserved 1048576K
GC Heap History (10 events):
Event: 15.330 GC heap before
{Heap before GC invocations=12 (full 1):
 PSYoungGen      total 287232K, used 282346K [0x00000007aab00000, 0x00000007c0000000, 0x00000007c0000000)
  eden space 237568K, 100% used [0x00000007aab00000,0x00000007b9300000,0x00000007b9300000)
  from space 49664K, 90% used [0x00000007bcf80000,0x00000007bfb3ab98,0x00000007c0000000)
  to   space 55808K, 0% used [0x00000007b9300000,0x00000007b9300000,0x00000007bc980000)
 ParOldGen       total 163840K, used 92768K [0x0000000780000000, 0x000000078a000000, 0x00000007aab00000)
  object space 163840K, 56% used [0x0000000780000000,0x0000000785a981e0,0x000000078a000000)
 Metaspace       used 6097K, capacity 7216K, committed 7296K, reserved 1056768K
  class space    used 573K, capacity 616K, committed 640K, reserved 1048576K
Event: 15.425 GC heap after
Heap after GC invocations=12 (full 1):
 PSYoungGen      total 293376K, used 55797K [0x00000007aab00000, 0x00000007c0000000, 0x00000007c0000000)
  eden space 237568K, 0% used [0x00000007aab00000,0x00000007aab00000,0x00000007b9300000)
  from space 55808K, 99% used [0x00000007b9300000,0x00000007bc97d4e0,0x00000007bc980000)
  to   space 55808K, 0% used [0x00000007bc980000,0x00000007bc980000,0x00000007c0000000)
 ParOldGen       total 163840K, used 117455K [0x0000000780000000, 0x000000078a000000, 0x00000007aab00000)
  object space 163840K, 71% used [0x0000000780000000,0x00000007872b3c38,0x000000078a000000)
 Metaspace       used 6097K, capacity 7216K, committed 7296K, reserved 1056768K
  class space    used 573K, capacity 616K, committed 640K, reserved 1048576K
}
Event: 16.943 GC heap before
{Heap before GC invocations=13 (full 1):
 PSYoungGen      total 293376K, used 293365K [0x00000007aab00000, 0x00000007c0000000, 0x00000007c0000000)
  eden space 237568K, 100% used [0x00000007aab00000,0x00000007b9300000,0x00000007b9300000)
  from space 55808K, 99% used [0x00000007b9300000,0x00000007bc97d4e0,0x00000007bc980000)
  to   space 55808K, 0% used [0x00000007bc980000,0x00000007bc980000,0x00000007c0000000)
 ParOldGen       total 163840K, used 117455K [0x0000000780000000, 0x000000078a000000, 0x00000007aab00000)
  object space 163840K, 71% used [0x0000000780000000,0x00000007872b3c38,0x000000078a000000)
 Metaspace       used 6170K, capacity 7216K, committed 7296K, reserved 1056768K
  class space    used 577K, capacity 616K, committed 640K, reserved 1048576K
Event: 17.118 GC heap after
Heap after GC invocations=13 (full 1):
 PSYoungGen      total 247296K, used 54822K [0x00000007aab00000, 0x00000007c0000000, 0x00000007c0000000)
  eden space 191488K, 0% used [0x00000007aab00000,0x00000007aab00000,0x00000007b6600000)
  from space 55808K, 98% used [0x00000007bc980000,0x00000007bff09a70,0x00000007c0000000)
  to   space 78848K, 0% used [0x00000007b6600000,0x00000007b6600000,0x00000007bb300000)
 ParOldGen       total 163840K, used 155365K [0x0000000780000000, 0x000000078a000000, 0x00000007aab00000)
  object space 163840K, 94% used [0x0000000780000000,0x00000007897b94f8,0x000000078a000000)
 Metaspace       used 6170K, capacity 7216K, committed 7296K, reserved 1056768K
  class space    used 577K, capacity 616K, committed 640K, reserved 1048576K
}
Event: 17.118 GC heap before
{Heap before GC invocations=14 (full 2):
 PSYoungGen      total 247296K, used 54822K [0x00000007aab00000, 0x00000007c0000000, 0x00000007c0000000)
  eden space 191488K, 0% used [0x00000007aab00000,0x00000007aab00000,0x00000007b6600000)
  from space 55808K, 98% used [0x00000007bc980000,0x00000007bff09a70,0x00000007c0000000)
  to   space 78848K, 0% used [0x00000007b6600000,0x00000007b6600000,0x00000007bb300000)
 ParOldGen       total 163840K, used 155365K [0x0000000780000000, 0x000000078a000000, 0x00000007aab00000)
  object space 163840K, 94% used [0x0000000780000000,0x00000007897b94f8,0x000000078a000000)
 Metaspace       used 6170K, capacity 7216K, committed 7296K, reserved 1056768K
  class space    used 577K, capacity 616K, committed 640K, reserved 1048576K
Event: 18.411 GC heap after
Heap after GC invocations=14 (full 2):
 PSYoungGen      total 247296K, used 43303K [0x00000007aab00000, 0x00000007c0000000, 0x00000007c0000000)
  eden space 191488K, 0% used [0x00000007aab00000,0x00000007aab00000,0x00000007b6600000)
  from space 55808K, 77% used [0x00000007bc980000,0x00000007bf3c9c78,0x00000007c0000000)
  to   space 78848K, 0% used [0x00000007b6600000,0x00000007b6600000,0x00000007bb300000)
 ParOldGen       total 291328K, used 163631K [0x0000000780000000, 0x0000000791c80000, 0x00000007aab00000)
  object space 291328K, 56% used [0x0000000780000000,0x0000000789fcbe00,0x0000000791c80000)
 Metaspace       used 6170K, capacity 7216K, committed 7296K, reserved 1056768K
  class space    used 577K, capacity 616K, committed 640K, reserved 1048576K
}
Event: 19.380 GC heap before
{Heap before GC invocations=15 (full 2):
 PSYoungGen      total 247296K, used 234791K [0x00000007aab00000, 0x00000007c0000000, 0x00000007c0000000)
  eden space 191488K, 100% used [0x00000007aab00000,0x00000007b6600000,0x00000007b6600000)
  from space 55808K, 77% used [0x00000007bc980000,0x00000007bf3c9c78,0x00000007c0000000)
  to   space 78848K, 0% used [0x00000007b6600000,0x00000007b6600000,0x00000007bb300000)
 ParOldGen       total 291328K, used 163631K [0x0000000780000000, 0x0000000791c80000, 0x00000007aab00000)
  object space 291328K, 56% used [0x0000000780000000,0x0000000789fcbe00,0x0000000791c80000)
 Metaspace       used 6178K, capacity 7216K, committed 7296K, reserved 1056768K
  class space    used 577K, capacity 616K, committed 640K, reserved 1048576K
Event: 19.533 GC heap after
Heap after GC invocations=15 (full 2):
 PSYoungGen      total 253440K, used 61670K [0x00000007aab00000, 0x00000007c0000000, 0x00000007c0000000)
  eden space 191488K, 0% used [0x00000007aab00000,0x00000007aab00000,0x00000007b6600000)
  from space 61952K, 99% used [0x00000007b6600000,0x00000007ba239a58,0x00000007ba280000)
  to   space 85504K, 0% used [0x00000007bac80000,0x00000007bac80000,0x00000007c0000000)
 ParOldGen       total 291328K, used 173384K [0x0000000780000000, 0x0000000791c80000, 0x00000007aab00000)
  object space 291328K, 59% used [0x0000000780000000,0x000000078a952290,0x0000000791c80000)
 Metaspace       used 6178K, capacity 7216K, committed 7296K, reserved 1056768K
  class space    used 577K, capacity 616K, committed 640K, reserved 1048576K
}
Event: 20.854 GC heap before
{Heap before GC invocations=16 (full 2):
 PSYoungGen      total 253440K, used 253158K [0x00000007aab00000, 0x00000007c0000000, 0x00000007c0000000)
  eden space 191488K, 100% used [0x00000007aab00000,0x00000007b6600000,0x00000007b6600000)
  from space 61952K, 99% used [0x00000007b6600000,0x00000007ba239a58,0x00000007ba280000)
  to   space 85504K, 0% used [0x00000007bac80000,0x00000007bac80000,0x00000007c0000000)
 ParOldGen       total 291328K, used 173384K [0x0000000780000000, 0x0000000791c80000, 0x00000007aab00000)
  object space 291328K, 59% used [0x0000000780000000,0x000000078a952290,0x0000000791c80000)
 Metaspace       used 6292K, capacity 7280K, committed 7552K, reserved 1056768K
  class space    used 583K, capacity 616K, committed 640K, reserved 1048576K
Event: 20.970 GC heap after
Heap after GC invocations=16 (full 2):
 PSYoungGen      total 233984K, used 85472K [0x00000007aab00000, 0x00000007c0000000, 0x00000007c0000000)
  eden space 148480K, 0% used [0x00000007aab00000,0x00000007aab00000,0x00000007b3c00000)
  from space 85504K, 99% used [0x00000007bac80000,0x00000007bfff8178,0x00000007c0000000)
  to   space 100352K, 0% used [0x00000007b3c00000,0x00000007b3c00000,0x00000007b9e00000)
 ParOldGen       total 291328K, used 176048K [0x0000000780000000, 0x0000000791c80000, 0x00000007aab00000)
  object space 291328K, 60% used [0x0000000780000000,0x000000078abec060,0x0000000791c80000)
 Metaspace       used 6292K, capacity 7280K, committed 7552K, reserved 1056768K
  class space    used 583K, capacity 616K, committed 640K, reserved 1048576K
}

